# JRE version: OpenJDK Runtime Environment Temurin-17.0.4.1+1 (17.0.4.1+1) (build 17.0.4.1+1)
# Java VM: OpenJDK 64-Bit Server VM Temurin-17.0.4.1+1 (17.0.4.1+1, mixed mode, sharing, tiered, compressed oops, compressed class ptrs, g1 gc, windows-amd64)
GC Precious Log:
 CPUs: 4 total, 4 available
 Memory: 7932M
 Large Page Support: Disabled
 NUMA Support: Disabled
 Compressed Oops: Enabled (32-bit)
 Heap Region Size: 1M
 Heap Min Capacity: 8M
 Heap Initial Capacity: 124M
 Heap Max Capacity: 1984M
 Pre-touch: Disabled
 Parallel Workers: 4
 Concurrent Workers: 1
 Concurrent Refinement Workers: 4
 Periodic GC: Disabled
Heap:
 garbage-first heap   total 48128K, used 37043K [0x0000000084000000, 0x0000000100000000)
  region size 1024K, 17 young (17408K), 3 survivors (3072K)
 Metaspace       used 55680K, committed 56192K, reserved 1097728K
  class space    used 7570K, committed 7808K, reserved 1048576K
GC Heap History (20 events):
Event: 7.864 GC heap before
{Heap before GC invocations=6 (full 0):
 garbage-first heap   total 48128K, used 16179K [0x0000000084000000, 0x0000000100000000)
  region size 1024K, 4 young (4096K), 3 survivors (3072K)
 Metaspace       used 26040K, committed 26496K, reserved 1073152K
  class space    used 3331K, committed 3520K, reserved 1048576K
}
Event: 7.871 GC heap after
{Heap after GC invocations=7 (full 0):
 garbage-first heap   total 48128K, used 16202K [0x0000000084000000, 0x0000000100000000)
  region size 1024K, 1 young (1024K), 1 survivors (1024K)
 Metaspace       used 26040K, committed 26496K, reserved 1073152K
  class space    used 3331K, committed 3520K, reserved 1048576K
}
Event: 9.355 GC heap before
{Heap before GC invocations=7 (full 0):
 garbage-first heap   total 48128K, used 32586K [0x0000000084000000, 0x0000000100000000)
  region size 1024K, 18 young (18432K), 1 survivors (1024K)
 Metaspace       used 28148K, committed 28544K, reserved 1081344K
  class space    used 3619K, committed 3776K, reserved 1048576K
}
Event: 9.359 GC heap after
{Heap after GC invocations=8 (full 0):
 garbage-first heap   total 48128K, used 16973K [0x0000000084000000, 0x0000000100000000)
  region size 1024K, 2 young (2048K), 2 survivors (2048K)
 Metaspace       used 28148K, committed 28544K, reserved 1081344K
  class space    used 3619K, committed 3776K, reserved 1048576K
}
Event: 10.844 GC heap before
{Heap before GC invocations=8 (full 0):
 garbage-first heap   total 48128K, used 34381K [0x0000000084000000, 0x0000000100000000)
  region size 1024K, 19 young (19456K), 2 survivors (2048K)
 Metaspace       used 32791K, committed 33344K, reserved 1081344K
  class space    used 4285K, committed 4544K, reserved 1048576K
}
Event: 10.848 GC heap after
{Heap after GC invocations=9 (full 0):
 garbage-first heap   total 48128K, used 17753K [0x0000000084000000, 0x0000000100000000)
  region size 1024K, 2 young (2048K), 2 survivors (2048K)
 Metaspace       used 32791K, committed 33344K, reserved 1081344K
  class space    used 4285K, committed 4544K, reserved 1048576K
}
Event: 11.595 GC heap before
{Heap before GC invocations=9 (full 0):
 garbage-first heap   total 48128K, used 25945K [0x0000000084000000, 0x0000000100000000)
  region size 1024K, 11 young (11264K), 2 survivors (2048K)
 Metaspace       used 35571K, committed 35968K, reserved 1081344K
  class space    used 4626K, committed 4800K, reserved 1048576K
}
Event: 11.604 GC heap after
{Heap after GC invocations=10 (full 0):
 garbage-first heap   total 48128K, used 18695K [0x0000000084000000, 0x0000000100000000)
  region size 1024K, 2 young (2048K), 2 survivors (2048K)
 Metaspace       used 35571K, committed 35968K, reserved 1081344K
  class space    used 4626K, committed 4800K, reserved 1048576K
}
Event: 13.832 GC heap before
{Heap before GC invocations=11 (full 0):
 garbage-first heap   total 48128K, used 35079K [0x0000000084000000, 0x0000000100000000)
  region size 1024K, 19 young (19456K), 2 survivors (2048K)
 Metaspace       used 39989K, committed 40512K, reserved 1089536K
  class space    used 5254K, committed 5504K, reserved 1048576K
}
Event: 13.838 GC heap after
{Heap after GC invocations=12 (full 0):
 garbage-first heap   total 48128K, used 20405K [0x0000000084000000, 0x0000000100000000)
  region size 1024K, 3 young (3072K), 3 survivors (3072K)
 Metaspace       used 39989K, committed 40512K, reserved 1089536K
  class space    used 5254K, committed 5504K, reserved 1048576K
}
Event: 13.901 GC heap before
{Heap before GC invocations=12 (full 0):
 garbage-first heap   total 48128K, used 21429K [0x0000000084000000, 0x0000000100000000)
  region size 1024K, 4 young (4096K), 3 survivors (3072K)
 Metaspace       used 40381K, committed 40896K, reserved 1089536K
  class space    used 5277K, committed 5504K, reserved 1048576K
}
Event: 13.904 GC heap after
{Heap after GC invocations=13 (full 0):
 garbage-first heap   total 48128K, used 20066K [0x0000000084000000, 0x0000000100000000)
  region size 1024K, 1 young (1024K), 1 survivors (1024K)
 Metaspace       used 40381K, committed 40896K, reserved 1089536K
  class space    used 5277K, committed 5504K, reserved 1048576K
}
Event: 15.255 GC heap before
{Heap before GC invocations=13 (full 0):
 garbage-first heap   total 48128K, used 34402K [0x0000000084000000, 0x0000000100000000)
  region size 1024K, 16 young (16384K), 1 survivors (1024K)
 Metaspace       used 45485K, committed 45952K, reserved 1089536K
  class space    used 6122K, committed 6336K, reserved 1048576K
}
Event: 15.258 GC heap after
{Heap after GC invocations=14 (full 0):
 garbage-first heap   total 48128K, used 20502K [0x0000000084000000, 0x0000000100000000)
  region size 1024K, 1 young (1024K), 1 survivors (1024K)
 Metaspace       used 45485K, committed 45952K, reserved 1089536K
  class space    used 6122K, committed 6336K, reserved 1048576K
}
Event: 16.263 GC heap before
{Heap before GC invocations=14 (full 0):
 garbage-first heap   total 48128K, used 35862K [0x0000000084000000, 0x0000000100000000)
  region size 1024K, 17 young (17408K), 1 survivors (1024K)
 Metaspace       used 48489K, committed 49024K, reserved 1097728K
  class space    used 6596K, committed 6848K, reserved 1048576K
}
Event: 16.266 GC heap after
{Heap after GC invocations=15 (full 0):
 garbage-first heap   total 48128K, used 21018K [0x0000000084000000, 0x0000000100000000)
  region size 1024K, 2 young (2048K), 2 survivors (2048K)
 Metaspace       used 48489K, committed 49024K, reserved 1097728K
  class space    used 6596K, committed 6848K, reserved 1048576K
}
Event: 21.952 GC heap before
{Heap before GC invocations=15 (full 0):
 garbage-first heap   total 48128K, used 37402K [0x0000000084000000, 0x0000000100000000)
  region size 1024K, 18 young (18432K), 2 survivors (2048K)
 Metaspace       used 52204K, committed 52736K, reserved 1097728K
  class space    used 7054K, committed 7296K, reserved 1048576K
}
Event: 21.957 GC heap after
{Heap after GC invocations=16 (full 0):
 garbage-first heap   total 48128K, used 22378K [0x0000000084000000, 0x0000000100000000)
  region size 1024K, 3 young (3072K), 3 survivors (3072K)
 Metaspace       used 52204K, committed 52736K, reserved 1097728K
  class space    used 7054K, committed 7296K, reserved 1048576K
}
Event: 23.140 GC heap before
{Heap before GC invocations=16 (full 0):
 garbage-first heap   total 48128K, used 37738K [0x0000000084000000, 0x0000000100000000)
  region size 1024K, 18 young (18432K), 3 survivors (3072K)
 Metaspace       used 54156K, committed 54720K, reserved 1097728K
  class space    used 7354K, committed 7616K, reserved 1048576K
}
Event: 23.146 GC heap after
{Heap after GC invocations=17 (full 0):
 garbage-first heap   total 48128K, used 23731K [0x0000000084000000, 0x0000000100000000)
  region size 1024K, 3 young (3072K), 3 survivors (3072K)
 Metaspace       used 54156K, committed 54720K, reserved 1097728K
  class space    used 7354K, committed 7616K, reserved 1048576K
}

