# JRE version: OpenJDK Runtime Environment Temurin-17.0.8.1+1 (17.0.8.1+1) (build 17.0.8.1+1)
# Java VM: OpenJDK 64-Bit Server VM Temurin-17.0.8.1+1 (17.0.8.1+1, mixed mode, tiered, compressed oops, compressed class ptrs, parallel gc, windows-amd64)
GC Precious Log:
 CPUs: 4 total, 4 available
 Memory: 7932M
 Large Page Support: Disabled
 NUMA Support: Disabled
 Compressed Oops: Enabled (32-bit)
 Alignments: Space 512K, Generation 512K, Heap 2M
 Heap Min Capacity: 100M
 Heap Initial Capacity: 100M
 Heap Max Capacity: 1G
 Pre-touch: Disabled
 Parallel Workers: 4
Heap:
 PSYoungGen      total 19968K, used 12025K [0x00000000eab00000, 0x00000000ec180000, 0x0000000100000000)
  eden space 17408K, 56% used [0x00000000eab00000,0x00000000eb4a65f8,0x00000000ebc00000)
  from space 2560K, 83% used [0x00000000ebf00000,0x00000000ec118010,0x00000000ec180000)
  to   space 2560K, 0% used [0x00000000ebc80000,0x00000000ebc80000,0x00000000ebf00000)
 ParOldGen       total 68608K, used 28549K [0x00000000c0000000, 0x00000000c4300000, 0x00000000eab00000)
  object space 68608K, 41% used [0x00000000c0000000,0x00000000c1be1740,0x00000000c4300000)
 Metaspace       used 51819K, committed 52736K, reserved 1114112K
  class space    used 5621K, committed 6080K, reserved 1048576K
GC Heap History (20 events):
Event: 37.345 GC heap before
{Heap before GC invocations=7 (full 1):
 PSYoungGen      total 27648K, used 27385K [0x00000000eab00000, 0x00000000ecb80000, 0x0000000100000000)
  eden space 25088K, 99% used [0x00000000eab00000,0x00000000ec367040,0x00000000ec380000)
  from space 2560K, 93% used [0x00000000ec400000,0x00000000ec6575c0,0x00000000ec680000)
  to   space 4096K, 0% used [0x00000000ec780000,0x00000000ec780000,0x00000000ecb80000)
 ParOldGen       total 68608K, used 10333K [0x00000000c0000000, 0x00000000c4300000, 0x00000000eab00000)
  object space 68608K, 15% used [0x00000000c0000000,0x00000000c0a17468,0x00000000c4300000)
 Metaspace       used 26779K, committed 27328K, reserved 1114112K
  class space    used 2727K, committed 2944K, reserved 1048576K
}
Event: 37.350 GC heap after
{Heap after GC invocations=7 (full 1):
 PSYoungGen      total 28160K, used 4093K [0x00000000eab00000, 0x00000000ecd00000, 0x0000000100000000)
  eden space 24064K, 0% used [0x00000000eab00000,0x00000000eab00000,0x00000000ec280000)
  from space 4096K, 99% used [0x00000000ec780000,0x00000000ecb7f760,0x00000000ecb80000)
  to   space 5120K, 0% used [0x00000000ec280000,0x00000000ec280000,0x00000000ec780000)
 ParOldGen       total 68608K, used 10805K [0x00000000c0000000, 0x00000000c4300000, 0x00000000eab00000)
  object space 68608K, 15% used [0x00000000c0000000,0x00000000c0a8d498,0x00000000c4300000)
 Metaspace       used 26779K, committed 27328K, reserved 1114112K
  class space    used 2727K, committed 2944K, reserved 1048576K
}
Event: 38.962 GC heap before
{Heap before GC invocations=8 (full 1):
 PSYoungGen      total 28160K, used 28157K [0x00000000eab00000, 0x00000000ecd00000, 0x0000000100000000)
  eden space 24064K, 100% used [0x00000000eab00000,0x00000000ec280000,0x00000000ec280000)
  from space 4096K, 99% used [0x00000000ec780000,0x00000000ecb7f760,0x00000000ecb80000)
  to   space 5120K, 0% used [0x00000000ec280000,0x00000000ec280000,0x00000000ec780000)
 ParOldGen       total 68608K, used 10805K [0x00000000c0000000, 0x00000000c4300000, 0x00000000eab00000)
  object space 68608K, 15% used [0x00000000c0000000,0x00000000c0a8d498,0x00000000c4300000)
 Metaspace       used 30456K, committed 31040K, reserved 1114112K
  class space    used 3025K, committed 3264K, reserved 1048576K
}
Event: 38.968 GC heap after
{Heap after GC invocations=8 (full 1):
 PSYoungGen      total 27648K, used 3783K [0x00000000eab00000, 0x00000000eca00000, 0x0000000100000000)
  eden space 23552K, 0% used [0x00000000eab00000,0x00000000eab00000,0x00000000ec200000)
  from space 4096K, 92% used [0x00000000ec280000,0x00000000ec631fd0,0x00000000ec680000)
  to   space 3584K, 0% used [0x00000000ec680000,0x00000000ec680000,0x00000000eca00000)
 ParOldGen       total 68608K, used 10805K [0x00000000c0000000, 0x00000000c4300000, 0x00000000eab00000)
  object space 68608K, 15% used [0x00000000c0000000,0x00000000c0a8d498,0x00000000c4300000)
 Metaspace       used 30456K, committed 31040K, reserved 1114112K
  class space    used 3025K, committed 3264K, reserved 1048576K
}
Event: 39.775 GC heap before
{Heap before GC invocations=9 (full 1):
 PSYoungGen      total 27648K, used 27335K [0x00000000eab00000, 0x00000000eca00000, 0x0000000100000000)
  eden space 23552K, 100% used [0x00000000eab00000,0x00000000ec200000,0x00000000ec200000)
  from space 4096K, 92% used [0x00000000ec280000,0x00000000ec631fd0,0x00000000ec680000)
  to   space 3584K, 0% used [0x00000000ec680000,0x00000000ec680000,0x00000000eca00000)
 ParOldGen       total 68608K, used 10805K [0x00000000c0000000, 0x00000000c4300000, 0x00000000eab00000)
  object space 68608K, 15% used [0x00000000c0000000,0x00000000c0a8d498,0x00000000c4300000)
 Metaspace       used 32556K, committed 33152K, reserved 1114112K
  class space    used 3207K, committed 3456K, reserved 1048576K
}
Event: 39.780 GC heap after
{Heap after GC invocations=9 (full 1):
 PSYoungGen      total 26624K, used 3558K [0x00000000eab00000, 0x00000000eca00000, 0x0000000100000000)
  eden space 23040K, 0% used [0x00000000eab00000,0x00000000eab00000,0x00000000ec180000)
  from space 3584K, 99% used [0x00000000ec680000,0x00000000ec9f98d0,0x00000000eca00000)
  to   space 4096K, 0% used [0x00000000ec200000,0x00000000ec200000,0x00000000ec600000)
 ParOldGen       total 68608K, used 11047K [0x00000000c0000000, 0x00000000c4300000, 0x00000000eab00000)
  object space 68608K, 16% used [0x00000000c0000000,0x00000000c0ac9ff8,0x00000000c4300000)
 Metaspace       used 32556K, committed 33152K, reserved 1114112K
  class space    used 3207K, committed 3456K, reserved 1048576K
}
Event: 46.323 GC heap before
{Heap before GC invocations=10 (full 1):
 PSYoungGen      total 26624K, used 24607K [0x00000000eab00000, 0x00000000eca00000, 0x0000000100000000)
  eden space 23040K, 91% used [0x00000000eab00000,0x00000000ebf8e4e8,0x00000000ec180000)
  from space 3584K, 99% used [0x00000000ec680000,0x00000000ec9f98d0,0x00000000eca00000)
  to   space 4096K, 0% used [0x00000000ec200000,0x00000000ec200000,0x00000000ec600000)
 ParOldGen       total 68608K, used 11047K [0x00000000c0000000, 0x00000000c4300000, 0x00000000eab00000)
  object space 68608K, 16% used [0x00000000c0000000,0x00000000c0ac9ff8,0x00000000c4300000)
 Metaspace       used 35235K, committed 35840K, reserved 1114112K
  class space    used 3544K, committed 3840K, reserved 1048576K
}
Event: 46.330 GC heap after
{Heap after GC invocations=10 (full 1):
 PSYoungGen      total 25088K, used 1812K [0x00000000eab00000, 0x00000000ec700000, 0x0000000100000000)
  eden space 23040K, 0% used [0x00000000eab00000,0x00000000eab00000,0x00000000ec180000)
  from space 2048K, 88% used [0x00000000ec200000,0x00000000ec3c5338,0x00000000ec400000)
  to   space 2560K, 0% used [0x00000000ec480000,0x00000000ec480000,0x00000000ec700000)
 ParOldGen       total 68608K, used 14115K [0x00000000c0000000, 0x00000000c4300000, 0x00000000eab00000)
  object space 68608K, 20% used [0x00000000c0000000,0x00000000c0dc8d40,0x00000000c4300000)
 Metaspace       used 35235K, committed 35840K, reserved 1114112K
  class space    used 3544K, committed 3840K, reserved 1048576K
}
Event: 46.330 GC heap before
{Heap before GC invocations=11 (full 2):
 PSYoungGen      total 25088K, used 1812K [0x00000000eab00000, 0x00000000ec700000, 0x0000000100000000)
  eden space 23040K, 0% used [0x00000000eab00000,0x00000000eab00000,0x00000000ec180000)
  from space 2048K, 88% used [0x00000000ec200000,0x00000000ec3c5338,0x00000000ec400000)
  to   space 2560K, 0% used [0x00000000ec480000,0x00000000ec480000,0x00000000ec700000)
 ParOldGen       total 68608K, used 14115K [0x00000000c0000000, 0x00000000c4300000, 0x00000000eab00000)
  object space 68608K, 20% used [0x00000000c0000000,0x00000000c0dc8d40,0x00000000c4300000)
 Metaspace       used 35235K, committed 35840K, reserved 1114112K
  class space    used 3544K, committed 3840K, reserved 1048576K
}
Event: 46.384 GC heap after
{Heap after GC invocations=11 (full 2):
 PSYoungGen      total 25088K, used 0K [0x00000000eab00000, 0x00000000ec700000, 0x0000000100000000)
  eden space 23040K, 0% used [0x00000000eab00000,0x00000000eab00000,0x00000000ec180000)
  from space 2048K, 0% used [0x00000000ec200000,0x00000000ec200000,0x00000000ec400000)
  to   space 2560K, 0% used [0x00000000ec480000,0x00000000ec480000,0x00000000ec700000)
 ParOldGen       total 68608K, used 13537K [0x00000000c0000000, 0x00000000c4300000, 0x00000000eab00000)
  object space 68608K, 19% used [0x00000000c0000000,0x00000000c0d385b8,0x00000000c4300000)
 Metaspace       used 35235K, committed 35840K, reserved 1114112K
  class space    used 3544K, committed 3840K, reserved 1048576K
}
Event: 49.052 GC heap before
{Heap before GC invocations=12 (full 2):
 PSYoungGen      total 25088K, used 23040K [0x00000000eab00000, 0x00000000ec700000, 0x0000000100000000)
  eden space 23040K, 100% used [0x00000000eab00000,0x00000000ec180000,0x00000000ec180000)
  from space 2048K, 0% used [0x00000000ec200000,0x00000000ec200000,0x00000000ec400000)
  to   space 2560K, 0% used [0x00000000ec480000,0x00000000ec480000,0x00000000ec700000)
 ParOldGen       total 68608K, used 13537K [0x00000000c0000000, 0x00000000c4300000, 0x00000000eab00000)
  object space 68608K, 19% used [0x00000000c0000000,0x00000000c0d385b8,0x00000000c4300000)
 Metaspace       used 38134K, committed 38912K, reserved 1114112K
  class space    used 3895K, committed 4288K, reserved 1048576K
}
Event: 49.055 GC heap after
{Heap after GC invocations=12 (full 2):
 PSYoungGen      total 23552K, used 832K [0x00000000eab00000, 0x00000000ec580000, 0x0000000100000000)
  eden space 22528K, 0% used [0x00000000eab00000,0x00000000eab00000,0x00000000ec100000)
  from space 1024K, 81% used [0x00000000ec480000,0x00000000ec550000,0x00000000ec580000)
  to   space 1536K, 0% used [0x00000000ec280000,0x00000000ec280000,0x00000000ec400000)
 ParOldGen       total 68608K, used 13545K [0x00000000c0000000, 0x00000000c4300000, 0x00000000eab00000)
  object space 68608K, 19% used [0x00000000c0000000,0x00000000c0d3a5b8,0x00000000c4300000)
 Metaspace       used 38134K, committed 38912K, reserved 1114112K
  class space    used 3895K, committed 4288K, reserved 1048576K
}
Event: 51.625 GC heap before
{Heap before GC invocations=13 (full 2):
 PSYoungGen      total 23552K, used 23360K [0x00000000eab00000, 0x00000000ec580000, 0x0000000100000000)
  eden space 22528K, 100% used [0x00000000eab00000,0x00000000ec100000,0x00000000ec100000)
  from space 1024K, 81% used [0x00000000ec480000,0x00000000ec550000,0x00000000ec580000)
  to   space 1536K, 0% used [0x00000000ec280000,0x00000000ec280000,0x00000000ec400000)
 ParOldGen       total 68608K, used 13545K [0x00000000c0000000, 0x00000000c4300000, 0x00000000eab00000)
  object space 68608K, 19% used [0x00000000c0000000,0x00000000c0d3a5b8,0x00000000c4300000)
 Metaspace       used 40844K, committed 41728K, reserved 1114112K
  class space    used 4233K, committed 4608K, reserved 1048576K
}
Event: 51.627 GC heap after
{Heap after GC invocations=13 (full 2):
 PSYoungGen      total 23552K, used 1042K [0x00000000eab00000, 0x00000000ec500000, 0x0000000100000000)
  eden space 22016K, 0% used [0x00000000eab00000,0x00000000eab00000,0x00000000ec080000)
  from space 1536K, 67% used [0x00000000ec280000,0x00000000ec3849c8,0x00000000ec400000)
  to   space 1024K, 0% used [0x00000000ec400000,0x00000000ec400000,0x00000000ec500000)
 ParOldGen       total 68608K, used 14269K [0x00000000c0000000, 0x00000000c4300000, 0x00000000eab00000)
  object space 68608K, 20% used [0x00000000c0000000,0x00000000c0def588,0x00000000c4300000)
 Metaspace       used 40844K, committed 41728K, reserved 1114112K
  class space    used 4233K, committed 4608K, reserved 1048576K
}
Event: 55.075 GC heap before
{Heap before GC invocations=14 (full 2):
 PSYoungGen      total 23552K, used 23058K [0x00000000eab00000, 0x00000000ec500000, 0x0000000100000000)
  eden space 22016K, 100% used [0x00000000eab00000,0x00000000ec080000,0x00000000ec080000)
  from space 1536K, 67% used [0x00000000ec280000,0x00000000ec3849c8,0x00000000ec400000)
  to   space 1024K, 0% used [0x00000000ec400000,0x00000000ec400000,0x00000000ec500000)
 ParOldGen       total 68608K, used 14269K [0x00000000c0000000, 0x00000000c4300000, 0x00000000eab00000)
  object space 68608K, 20% used [0x00000000c0000000,0x00000000c0def588,0x00000000c4300000)
 Metaspace       used 43541K, committed 44352K, reserved 1114112K
  class space    used 4604K, committed 4992K, reserved 1048576K
}
Event: 55.079 GC heap after
{Heap after GC invocations=14 (full 2):
 PSYoungGen      total 23040K, used 1024K [0x00000000eab00000, 0x00000000ec580000, 0x0000000100000000)
  eden space 22016K, 0% used [0x00000000eab00000,0x00000000eab00000,0x00000000ec080000)
  from space 1024K, 100% used [0x00000000ec400000,0x00000000ec500000,0x00000000ec500000)
  to   space 2560K, 0% used [0x00000000ec080000,0x00000000ec080000,0x00000000ec300000)
 ParOldGen       total 68608K, used 15196K [0x00000000c0000000, 0x00000000c4300000, 0x00000000eab00000)
  object space 68608K, 22% used [0x00000000c0000000,0x00000000c0ed71f8,0x00000000c4300000)
 Metaspace       used 43541K, committed 44352K, reserved 1114112K
  class space    used 4604K, committed 4992K, reserved 1048576K
}
Event: 58.088 GC heap before
{Heap before GC invocations=15 (full 2):
 PSYoungGen      total 23040K, used 23040K [0x00000000eab00000, 0x00000000ec580000, 0x0000000100000000)
  eden space 22016K, 100% used [0x00000000eab00000,0x00000000ec080000,0x00000000ec080000)
  from space 1024K, 100% used [0x00000000ec400000,0x00000000ec500000,0x00000000ec500000)
  to   space 2560K, 0% used [0x00000000ec080000,0x00000000ec080000,0x00000000ec300000)
 ParOldGen       total 68608K, used 15196K [0x00000000c0000000, 0x00000000c4300000, 0x00000000eab00000)
  object space 68608K, 22% used [0x00000000c0000000,0x00000000c0ed71f8,0x00000000c4300000)
 Metaspace       used 46418K, committed 47296K, reserved 1114112K
  class space    used 4977K, committed 5376K, reserved 1048576K
}
Event: 58.093 GC heap after
{Heap after GC invocations=15 (full 2):
 PSYoungGen      total 23552K, used 1344K [0x00000000eab00000, 0x00000000ec480000, 0x0000000100000000)
  eden space 22016K, 0% used [0x00000000eab00000,0x00000000eab00000,0x00000000ec080000)
  from space 1536K, 87% used [0x00000000ec080000,0x00000000ec1d0000,0x00000000ec200000)
  to   space 2048K, 0% used [0x00000000ec280000,0x00000000ec280000,0x00000000ec480000)
 ParOldGen       total 68608K, used 16137K [0x00000000c0000000, 0x00000000c4300000, 0x00000000eab00000)
  object space 68608K, 23% used [0x00000000c0000000,0x00000000c0fc2758,0x00000000c4300000)
 Metaspace       used 46418K, committed 47296K, reserved 1114112K
  class space    used 4977K, committed 5376K, reserved 1048576K
}
Event: 61.053 GC heap before
{Heap before GC invocations=16 (full 2):
 PSYoungGen      total 23552K, used 23360K [0x00000000eab00000, 0x00000000ec480000, 0x0000000100000000)
  eden space 22016K, 100% used [0x00000000eab00000,0x00000000ec080000,0x00000000ec080000)
  from space 1536K, 87% used [0x00000000ec080000,0x00000000ec1d0000,0x00000000ec200000)
  to   space 2048K, 0% used [0x00000000ec280000,0x00000000ec280000,0x00000000ec480000)
 ParOldGen       total 68608K, used 16137K [0x00000000c0000000, 0x00000000c4300000, 0x00000000eab00000)
  object space 68608K, 23% used [0x00000000c0000000,0x00000000c0fc2758,0x00000000c4300000)
 Metaspace       used 48992K, committed 49920K, reserved 1114112K
  class space    used 5314K, committed 5760K, reserved 1048576K
}
Event: 61.056 GC heap after
{Heap after GC invocations=16 (full 2):
 PSYoungGen      total 22016K, used 2029K [0x00000000eab00000, 0x00000000ec880000, 0x0000000100000000)
  eden space 19968K, 0% used [0x00000000eab00000,0x00000000eab00000,0x00000000ebe80000)
  from space 2048K, 99% used [0x00000000ec280000,0x00000000ec47b530,0x00000000ec480000)
  to   space 4096K, 0% used [0x00000000ebe80000,0x00000000ebe80000,0x00000000ec280000)
 ParOldGen       total 68608K, used 17425K [0x00000000c0000000, 0x00000000c4300000, 0x00000000eab00000)
  object space 68608K, 25% used [0x00000000c0000000,0x00000000c1104458,0x00000000c4300000)
 Metaspace       used 48992K, committed 49920K, reserved 1114112K
  class space    used 5314K, committed 5760K, reserved 1048576K
}

