# JRE version: OpenJDK Runtime Environment Temurin-17.0.4.1+1 (17.0.4.1+1) (build 17.0.4.1+1)
# Java VM: OpenJDK 64-Bit Server VM Temurin-17.0.4.1+1 (17.0.4.1+1, mixed mode, sharing, tiered, compressed oops, compressed class ptrs, g1 gc, windows-amd64)
GC Precious Log:
 CPUs: 4 total, 4 available
 Memory: 7932M
 Large Page Support: Disabled
 NUMA Support: Disabled
 Compressed Oops: Enabled (32-bit)
 Heap Region Size: 1M
 Heap Min Capacity: 8M
 Heap Initial Capacity: 124M
 Heap Max Capacity: 1984M
 Pre-touch: Disabled
 Parallel Workers: 4
 Concurrent Workers: 1
 Concurrent Refinement Workers: 4
 Periodic GC: Disabled
Heap:
 garbage-first heap   total 51200K, used 32872K [0x0000000084000000, 0x0000000100000000)
  region size 1024K, 7 young (7168K), 1 survivors (1024K)
 Metaspace       used 60288K, committed 60800K, reserved 1105920K
  class space    used 8215K, committed 8448K, reserved 1048576K
GC Heap History (20 events):
Event: 6.606 GC heap before
{Heap before GC invocations=8 (full 0):
 garbage-first heap   total 48128K, used 26937K [0x0000000084000000, 0x0000000100000000)
  region size 1024K, 14 young (14336K), 3 survivors (3072K)
 Metaspace       used 35576K, committed 35968K, reserved 1081344K
  class space    used 4629K, committed 4800K, reserved 1048576K
}
Event: 6.611 GC heap after
{Heap after GC invocations=9 (full 0):
 garbage-first heap   total 48128K, used 18668K [0x0000000084000000, 0x0000000100000000)
  region size 1024K, 2 young (2048K), 2 survivors (2048K)
 Metaspace       used 35576K, committed 35968K, reserved 1081344K
  class space    used 4629K, committed 4800K, reserved 1048576K
}
Event: 7.479 GC heap before
{Heap before GC invocations=10 (full 0):
 garbage-first heap   total 48128K, used 35052K [0x0000000084000000, 0x0000000100000000)
  region size 1024K, 19 young (19456K), 2 survivors (2048K)
 Metaspace       used 39858K, committed 40384K, reserved 1089536K
  class space    used 5239K, committed 5504K, reserved 1048576K
}
Event: 7.483 GC heap after
{Heap after GC invocations=11 (full 0):
 garbage-first heap   total 48128K, used 20518K [0x0000000084000000, 0x0000000100000000)
  region size 1024K, 3 young (3072K), 3 survivors (3072K)
 Metaspace       used 39858K, committed 40384K, reserved 1089536K
  class space    used 5239K, committed 5504K, reserved 1048576K
}
Event: 7.937 GC heap before
{Heap before GC invocations=11 (full 0):
 garbage-first heap   total 48128K, used 35878K [0x0000000084000000, 0x0000000100000000)
  region size 1024K, 18 young (18432K), 3 survivors (3072K)
 Metaspace       used 45104K, committed 45568K, reserved 1089536K
  class space    used 6028K, committed 6272K, reserved 1048576K
}
Event: 7.942 GC heap after
{Heap after GC invocations=12 (full 0):
 garbage-first heap   total 48128K, used 21376K [0x0000000084000000, 0x0000000100000000)
  region size 1024K, 1 young (1024K), 1 survivors (1024K)
 Metaspace       used 45104K, committed 45568K, reserved 1089536K
  class space    used 6028K, committed 6272K, reserved 1048576K
}
Event: 8.536 GC heap before
{Heap before GC invocations=12 (full 0):
 garbage-first heap   total 48128K, used 37760K [0x0000000084000000, 0x0000000100000000)
  region size 1024K, 17 young (17408K), 1 survivors (1024K)
 Metaspace       used 47787K, committed 48320K, reserved 1097728K
  class space    used 6504K, committed 6784K, reserved 1048576K
}
Event: 8.539 GC heap after
{Heap after GC invocations=13 (full 0):
 garbage-first heap   total 48128K, used 21739K [0x0000000084000000, 0x0000000100000000)
  region size 1024K, 2 young (2048K), 2 survivors (2048K)
 Metaspace       used 47787K, committed 48320K, reserved 1097728K
  class space    used 6504K, committed 6784K, reserved 1048576K
}
Event: 9.253 GC heap before
{Heap before GC invocations=13 (full 0):
 garbage-first heap   total 48128K, used 37099K [0x0000000084000000, 0x0000000100000000)
  region size 1024K, 18 young (18432K), 2 survivors (2048K)
 Metaspace       used 51374K, committed 51968K, reserved 1097728K
  class space    used 6960K, committed 7232K, reserved 1048576K
}
Event: 9.257 GC heap after
{Heap after GC invocations=14 (full 0):
 garbage-first heap   total 48128K, used 23146K [0x0000000084000000, 0x0000000100000000)
  region size 1024K, 3 young (3072K), 3 survivors (3072K)
 Metaspace       used 51374K, committed 51968K, reserved 1097728K
  class space    used 6960K, committed 7232K, reserved 1048576K
}
Event: 9.843 GC heap before
{Heap before GC invocations=14 (full 0):
 garbage-first heap   total 48128K, used 38506K [0x0000000084000000, 0x0000000100000000)
  region size 1024K, 18 young (18432K), 3 survivors (3072K)
 Metaspace       used 54085K, committed 54592K, reserved 1097728K
  class space    used 7355K, committed 7616K, reserved 1048576K
}
Event: 9.848 GC heap after
{Heap after GC invocations=15 (full 0):
 garbage-first heap   total 48128K, used 24265K [0x0000000084000000, 0x0000000100000000)
  region size 1024K, 3 young (3072K), 3 survivors (3072K)
 Metaspace       used 54085K, committed 54592K, reserved 1097728K
  class space    used 7355K, committed 7616K, reserved 1048576K
}
Event: 10.454 GC heap before
{Heap before GC invocations=15 (full 0):
 garbage-first heap   total 48128K, used 37577K [0x0000000084000000, 0x0000000100000000)
  region size 1024K, 16 young (16384K), 3 survivors (3072K)
 Metaspace       used 55153K, committed 55680K, reserved 1097728K
  class space    used 7495K, committed 7744K, reserved 1048576K
}
Event: 10.458 GC heap after
{Heap after GC invocations=16 (full 0):
 garbage-first heap   total 48128K, used 25716K [0x0000000084000000, 0x0000000100000000)
  region size 1024K, 2 young (2048K), 2 survivors (2048K)
 Metaspace       used 55153K, committed 55680K, reserved 1097728K
  class space    used 7495K, committed 7744K, reserved 1048576K
}
Event: 10.985 GC heap before
{Heap before GC invocations=17 (full 0):
 garbage-first heap   total 48128K, used 38004K [0x0000000084000000, 0x0000000100000000)
  region size 1024K, 14 young (14336K), 2 survivors (2048K)
 Metaspace       used 56271K, committed 56832K, reserved 1105920K
  class space    used 7697K, committed 7936K, reserved 1048576K
}
Event: 10.990 GC heap after
{Heap after GC invocations=18 (full 0):
 garbage-first heap   total 48128K, used 26842K [0x0000000084000000, 0x0000000100000000)
  region size 1024K, 2 young (2048K), 2 survivors (2048K)
 Metaspace       used 56271K, committed 56832K, reserved 1105920K
  class space    used 7697K, committed 7936K, reserved 1048576K
}
Event: 22.698 GC heap before
{Heap before GC invocations=18 (full 0):
 garbage-first heap   total 48128K, used 37082K [0x0000000084000000, 0x0000000100000000)
  region size 1024K, 13 young (13312K), 2 survivors (2048K)
 Metaspace       used 59155K, committed 59712K, reserved 1105920K
  class space    used 8071K, committed 8320K, reserved 1048576K
}
Event: 22.702 GC heap after
{Heap after GC invocations=19 (full 0):
 garbage-first heap   total 48128K, used 27589K [0x0000000084000000, 0x0000000100000000)
  region size 1024K, 1 young (1024K), 1 survivors (1024K)
 Metaspace       used 59155K, committed 59712K, reserved 1105920K
  class space    used 8071K, committed 8320K, reserved 1048576K
}
Event: 263.994 GC heap before
{Heap before GC invocations=20 (full 0):
 garbage-first heap   total 51200K, used 38853K [0x0000000084000000, 0x0000000100000000)
  region size 1024K, 12 young (12288K), 1 survivors (1024K)
 Metaspace       used 60254K, committed 60800K, reserved 1105920K
  class space    used 8215K, committed 8448K, reserved 1048576K
}
Event: 264.000 GC heap after
{Heap after GC invocations=21 (full 0):
 garbage-first heap   total 51200K, used 27752K [0x0000000084000000, 0x0000000100000000)
  region size 1024K, 1 young (1024K), 1 survivors (1024K)
 Metaspace       used 60254K, committed 60800K, reserved 1105920K
  class space    used 8215K, committed 8448K, reserved 1048576K
}

